<?xml version="1.0" encoding="UTF-8"?>
<testsuite name="com.sura.cotizador.runners.Cotizador" tests="0" skipped="0" failures="0" errors="0" timestamp="1970-01-01T00:00:00" hostname="PSEG9PZYRQ2" time="0.0">
  <properties/>
  <system-out><![CDATA[
?[31mFailed scenarios:?[0m
?[31msrc/test/resources/features/cotizador.feature:16 ?[0m# Generación de valor de cotización y número de transacción

1 Scenarios (?[31m1 failed?[0m)
5 Steps (?[31m1 failed?[0m, ?[36m3 skipped?[0m, ?[32m1 passed?[0m)
67m49,706s

net.serenitybdd.core.exceptions.SerenityManagedException: 
Expected: an element that is currently enabled
     but: no matching element found by xpath: //span[@class='mat-select-placeholder ng-tns-c30-6 ng-star-inserted'][contains(text(),'Tipo de Documento')] was not enabled
	at net.serenitybdd.screenplay.ErrorTally.throwSummaryExceptionFrom(ErrorTally.java:36)
	at net.serenitybdd.screenplay.ErrorTally.reportAnyErrors(ErrorTally.java:30)
	at net.serenitybdd.screenplay.Actor.should(Actor.java:187)
	at net.serenitybdd.screenplay.waits.WaitUntilTargetIsReady.performAs(WaitUntilTargetIsReady.java:26)
	at net.serenitybdd.screenplay.waits.WaitUntilTargetIsReady$$EnhancerByCGLIB$$ee0d67ad.CGLIB$performAs$1(<generated>)
	at net.serenitybdd.screenplay.waits.WaitUntilTargetIsReady$$EnhancerByCGLIB$$ee0d67ad$$FastClassByCGLIB$$748b1083.invoke(<generated>)
	at net.sf.cglib.proxy.MethodProxy.invokeSuper(MethodProxy.java:228)
	at net.thucydides.core.steps.BaseMethodRunner.invokeMethod(BaseMethodRunner.java:10)
	at net.thucydides.core.steps.NormalMethodRunner.invokeMethodAndNotifyFailures(NormalMethodRunner.java:20)
	at net.thucydides.core.steps.StepInterceptor.runNormalMethod(StepInterceptor.java:361)
	at net.thucydides.core.steps.StepInterceptor.testStepResult(StepInterceptor.java:132)
	at net.thucydides.core.steps.StepInterceptor.intercept(StepInterceptor.java:68)
	at net.serenitybdd.screenplay.waits.WaitUntilTargetIsReady$$EnhancerByCGLIB$$ee0d67ad.performAs(<generated>)
	at net.serenitybdd.screenplay.Actor.perform(Actor.java:106)
	at net.serenitybdd.screenplay.Actor.attemptsTo(Actor.java:90)
	at com.sura.cotizador.tasks.IniciarNuevaCotizacion.performAs(IniciarNuevaCotizacion.java:58)
	at com.sura.cotizador.tasks.IniciarNuevaCotizacion$$EnhancerByCGLIB$$5a671ca2.CGLIB$performAs$0(<generated>)
	at com.sura.cotizador.tasks.IniciarNuevaCotizacion$$EnhancerByCGLIB$$5a671ca2$$FastClassByCGLIB$$75c1829c.invoke(<generated>)
	at net.sf.cglib.proxy.MethodProxy.invokeSuper(MethodProxy.java:228)
	at net.thucydides.core.steps.BaseMethodRunner.invokeMethod(BaseMethodRunner.java:10)
	at net.thucydides.core.steps.NormalMethodRunner.invokeMethodAndNotifyFailures(NormalMethodRunner.java:20)
	at net.thucydides.core.steps.StepInterceptor.runNormalMethod(StepInterceptor.java:361)
	at net.thucydides.core.steps.StepInterceptor.testStepResult(StepInterceptor.java:132)
	at net.thucydides.core.steps.StepInterceptor.intercept(StepInterceptor.java:68)
	at com.sura.cotizador.tasks.IniciarNuevaCotizacion$$EnhancerByCGLIB$$5a671ca2.performAs(<generated>)
	at net.serenitybdd.screenplay.Actor.perform(Actor.java:106)
	at net.serenitybdd.screenplay.Actor.attemptsTo(Actor.java:90)
	at com.sura.cotizador.stepdefinitions.CotizadorStepDefinitions.cotice_una_pliza_de_autos_individual_para_un_tomador_identificado_con_(CotizadorStepDefinitions.java:33)
	at ✽.cotice una póliza de autos individual para un tomador identificado con CEDULA 10258666(src/test/resources/features/cotizador.feature:9)

]]></system-out>
  <system-err><![CDATA[[Test worker] INFO net.thucydides.core.steps.ConsoleLoggingListener - ?[96m?[36m

-------------------------------------------------------------------------------------
     _______. _______ .______       _______ .__   __.  __  .___________.____    ____ 
    /       ||   ____||   _  \     |   ____||  \ |  | |  | |           |\   \  /   / 
   |   (----`|  |__   |  |_)  |    |  |__   |   \|  | |  | `---|  |----` \   \/   /  
    \   \    |   __|  |      /     |   __|  |  . `  | |  |     |  |       \_    _/   
.----)   |   |  |____ |  |\  \----.|  |____ |  |\   | |  |     |  |         |  |     
|_______/    |_______|| _| `._____||_______||__| \__| |__|     |__|         |__|    
                                                                                     
 News and tutorials at http://www.serenity-bdd.info                                  
 Documentation at https://wakaleo.gitbooks.io/the-serenity-book/content/             
 Join the Serenity Community on Rocket Chat at https://serenity-bdd.rocket.chat      
 Serenity BDD Support and Training at http://serenity-bdd.info/#/trainingandsupport  
 Learn Serenity BDD online at http://serenity-dojo.com                               
-------------------------------------------------------------------------------------
?[0m?[0m
[Test worker] INFO net.thucydides.core.steps.ConsoleLoggingListener - Test Suite Started: Yo como asesor
[Test worker] INFO net.thucydides.core.steps.ConsoleLoggingListener - 
 _____ _____ ____ _____   ____ _____  _    ____ _____ _____ ____  
|_   _| ____/ ___|_   _| / ___|_   _|/ \  |  _ \_   _| ____|  _ \ 
  | | |  _| \___ \ | |   \___ \ | | / _ \ | |_) || | |  _| | | | |
  | | | |___ ___) || |    ___) || |/ ___ \|  _ < | | | |___| |_| |
  |_| |_____|____/ |_|   |____/ |_/_/   \_\_| \_\|_| |_____|____/ 
                                                                  

TEST STARTED: Generación de valor de cotización y número de transacción
-------------------------------------------------------------------(yo-como-asesor;generación-de-valor-de-cotización-y-número-de-transacción)
[Test worker] INFO net.thucydides.core.steps.ConsoleLoggingListener - STARTING STEP Generación de valor de cotización y número de transacción #1: {tipoAsesor=independiente, tipoDocumento=CEDULA, numeroDocumento=10258666, tipoPlan=Global, cantidadDias=0, vencerse/expedirse=expedirse, tipoVehiculo=Automovil, estadoVehiculo=cero kilometros}
[Test worker] ERROR net.thucydides.core.steps.ConsoleLoggingListener - ?[91m
           __  _____ _____ ____ _____   _____ _    ___ _     _____ ____  
  _       / / |_   _| ____/ ___|_   _| |  ___/ \  |_ _| |   | ____|  _ \ 
 (_)_____| |    | | |  _| \___ \ | |   | |_ / _ \  | || |   |  _| | | | |
  _|_____| |    | | | |___ ___) || |   |  _/ ___ \ | || |___| |___| |_| |
 (_)     | |    |_| |_____|____/ |_|   |_|/_/   \_\___|_____|_____|____/ 
          \_\                                                            

TEST FAILED: Generación de valor de cotización y número de transacción
--------------------------------------------------------------------------?[0m
[Test worker] ERROR net.thucydides.core.steps.ConsoleLoggingListener - ?[91mTEST FAILED AT STEP Cuando cotice una póliza de autos individual para un tomador identificado con CEDULA 10258666?[0m
[Test worker] ERROR net.thucydides.core.steps.ConsoleLoggingListener - Expected: an element that is currently enabled but: no matching element found by xpath: //span[@class='mat-select-placeholder ng-tns-c30-6 ng-star-inserted'][contains(text(),'Tipo de Documento')] was not enabled
]]></system-err>
</testsuite>
